Start testing: Jan 29 21:39 Central European Standard Time
----------------------------------------------------------
1/7 Testing: MatrixTest.Addition
1/7 Test: MatrixTest.Addition
Command: "E:/Projects/Simulation_Projects/cva_cpp/build/tests/gtest_basic.exe" "--gtest_filter=MatrixTest.Addition" "--gtest_also_run_disabled_tests"
Directory: E:/Projects/Simulation_Projects/cva_cpp/build/tests
"MatrixTest.Addition" start time: Jan 29 21:39 Central European Standard Time
Output:
----------------------------------------------------------
Running main() from E:\Projects\Simulation_Projects\cva_cpp\build\_deps\googletest-src\googletest\src\gtest_main.cc
Note: Google Test filter = MatrixTest.Addition
[==========] Running 1 test from 1 test suite.
[----------] Global test environment set-up.
[----------] 1 test from MatrixTest
[ RUN      ] MatrixTest.Addition
[       OK ] MatrixTest.Addition (0 ms)
[----------] 1 test from MatrixTest (0 ms total)

[----------] Global test environment tear-down
[==========] 1 test from 1 test suite ran. (0 ms total)
[  PASSED  ] 1 test.
<end of output>
Test time =   0.01 sec
----------------------------------------------------------
Test Passed.
"MatrixTest.Addition" end time: Jan 29 21:39 Central European Standard Time
"MatrixTest.Addition" time elapsed: 00:00:00
----------------------------------------------------------

2/7 Testing: RandomGeneratorTest.MeanVarianceRoughlyStandardNormal
2/7 Test: RandomGeneratorTest.MeanVarianceRoughlyStandardNormal
Command: "E:/Projects/Simulation_Projects/cva_cpp/build/tests/gtest_basic.exe" "--gtest_filter=RandomGeneratorTest.MeanVarianceRoughlyStandardNormal" "--gtest_also_run_disabled_tests"
Directory: E:/Projects/Simulation_Projects/cva_cpp/build/tests
"RandomGeneratorTest.MeanVarianceRoughlyStandardNormal" start time: Jan 29 21:39 Central European Standard Time
Output:
----------------------------------------------------------
Running main() from E:\Projects\Simulation_Projects\cva_cpp\build\_deps\googletest-src\googletest\src\gtest_main.cc
Note: Google Test filter = RandomGeneratorTest.MeanVarianceRoughlyStandardNormal
[==========] Running 1 test from 1 test suite.
[----------] Global test environment set-up.
[----------] 1 test from RandomGeneratorTest
[ RUN      ] RandomGeneratorTest.MeanVarianceRoughlyStandardNormal
[       OK ] RandomGeneratorTest.MeanVarianceRoughlyStandardNormal (0 ms)
[----------] 1 test from RandomGeneratorTest (0 ms total)

[----------] Global test environment tear-down
[==========] 1 test from 1 test suite ran. (0 ms total)
[  PASSED  ] 1 test.
<end of output>
Test time =   0.02 sec
----------------------------------------------------------
Test Passed.
"RandomGeneratorTest.MeanVarianceRoughlyStandardNormal" end time: Jan 29 21:39 Central European Standard Time
"RandomGeneratorTest.MeanVarianceRoughlyStandardNormal" time elapsed: 00:00:00
----------------------------------------------------------

3/7 Testing: EuropeanOptionTest.PayoffAtExpiry
3/7 Test: EuropeanOptionTest.PayoffAtExpiry
Command: "E:/Projects/Simulation_Projects/cva_cpp/build/tests/gtest_basic.exe" "--gtest_filter=EuropeanOptionTest.PayoffAtExpiry" "--gtest_also_run_disabled_tests"
Directory: E:/Projects/Simulation_Projects/cva_cpp/build/tests
"EuropeanOptionTest.PayoffAtExpiry" start time: Jan 29 21:39 Central European Standard Time
Output:
----------------------------------------------------------
Running main() from E:\Projects\Simulation_Projects\cva_cpp\build\_deps\googletest-src\googletest\src\gtest_main.cc
Note: Google Test filter = EuropeanOptionTest.PayoffAtExpiry
[==========] Running 1 test from 1 test suite.
[----------] Global test environment set-up.
[----------] 1 test from EuropeanOptionTest
[ RUN      ] EuropeanOptionTest.PayoffAtExpiry
[       OK ] EuropeanOptionTest.PayoffAtExpiry (0 ms)
[----------] 1 test from EuropeanOptionTest (0 ms total)

[----------] Global test environment tear-down
[==========] 1 test from 1 test suite ran. (0 ms total)
[  PASSED  ] 1 test.
<end of output>
Test time =   0.01 sec
----------------------------------------------------------
Test Passed.
"EuropeanOptionTest.PayoffAtExpiry" end time: Jan 29 21:39 Central European Standard Time
"EuropeanOptionTest.PayoffAtExpiry" time elapsed: 00:00:00
----------------------------------------------------------

4/7 Testing: test_math
4/7 Test: test_math
Command: "E:/Projects/Simulation_Projects/cva_cpp/build/tests/test_math.exe"
Directory: E:/Projects/Simulation_Projects/cva_cpp/build/tests
"test_math" start time: Jan 29 21:39 Central European Standard Time
Output:
----------------------------------------------------------
Testing Matrix...
Matrix tests passed.
Testing Random...
Mean: 0.0219783, Var: 0.86103
Random tests passed.
<end of output>
Test time =   0.02 sec
----------------------------------------------------------
Test Passed.
"test_math" end time: Jan 29 21:39 Central European Standard Time
"test_math" time elapsed: 00:00:00
----------------------------------------------------------

5/7 Testing: test_market
5/7 Test: test_market
Command: "E:/Projects/Simulation_Projects/cva_cpp/build/tests/test_market.exe"
Directory: E:/Projects/Simulation_Projects/cva_cpp/build/tests
"test_market" start time: Jan 29 21:39 Central European Standard Time
Output:
----------------------------------------------------------
Testing FlatYieldCurve...
FlatYieldCurve tests passed.
<end of output>
Test time =   0.02 sec
----------------------------------------------------------
Test Passed.
"test_market" end time: Jan 29 21:39 Central European Standard Time
"test_market" time elapsed: 00:00:00
----------------------------------------------------------

6/7 Testing: test_instruments
6/7 Test: test_instruments
Command: "E:/Projects/Simulation_Projects/cva_cpp/build/tests/test_instruments.exe"
Directory: E:/Projects/Simulation_Projects/cva_cpp/build/tests
"test_instruments" start time: Jan 29 21:39 Central European Standard Time
Output:
----------------------------------------------------------
Testing EuropeanOption...
BS Price: 10.4506
EuropeanOption tests passed.
<end of output>
Test time =   0.02 sec
----------------------------------------------------------
Test Passed.
"test_instruments" end time: Jan 29 21:39 Central European Standard Time
"test_instruments" time elapsed: 00:00:00
----------------------------------------------------------

7/7 Testing: test_cva
7/7 Test: test_cva
Command: "E:/Projects/Simulation_Projects/cva_cpp/build/tests/test_cva.exe"
Directory: E:/Projects/Simulation_Projects/cva_cpp/build/tests
"test_cva" start time: Jan 29 21:39 Central European Standard Time
Output:
----------------------------------------------------------
Testing CVA Calculator (Mock)...
EPE[0]: 100
EPE[1]: 100
CVA: 63.2121
CVA Calculator tests passed.
<end of output>
Test time =   0.02 sec
----------------------------------------------------------
Test Passed.
"test_cva" end time: Jan 29 21:39 Central European Standard Time
"test_cva" time elapsed: 00:00:00
----------------------------------------------------------

End testing: Jan 29 21:39 Central European Standard Time
